{"C:\\Users\\Cooll\\OneDrive\\Документы\\GB\\Продвинутый курс Javascript\\Урок 3. Асинхронные запросы\\ДЗ\\HW lesson-03\\src\\utils.js": {"path":"C:\\Users\\Cooll\\OneDrive\\Документы\\GB\\Продвинутый курс Javascript\\Урок 3. Асинхронные запросы\\ДЗ\\HW lesson-03\\src\\utils.js","statementMap":{"0":{"start":{"line":4,"column":17},"end":{"line":4,"column":18}},"1":{"start":{"line":5,"column":4},"end":{"line":5,"column":25}},"2":{"start":{"line":5,"column":16},"end":{"line":5,"column":25}},"3":{"start":{"line":6,"column":4},"end":{"line":13,"column":5}},"4":{"start":{"line":7,"column":8},"end":{"line":7,"column":43}},"5":{"start":{"line":7,"column":32},"end":{"line":7,"column":43}},"6":{"start":{"line":8,"column":8},"end":{"line":8,"column":22}},"7":{"start":{"line":11,"column":8},"end":{"line":11,"column":44}},"8":{"start":{"line":11,"column":33},"end":{"line":11,"column":44}},"9":{"start":{"line":12,"column":8},"end":{"line":12,"column":28}},"10":{"start":{"line":36,"column":0},"end":{"line":38,"column":1}}},"fnMap":{"0":{"name":"pow","decl":{"start":{"line":1,"column":9},"end":{"line":1,"column":12}},"loc":{"start":{"line":1,"column":19},"end":{"line":34,"column":1}},"line":1}},"branchMap":{"0":{"loc":{"start":{"line":5,"column":4},"end":{"line":5,"column":25}},"type":"if","locations":[{"start":{"line":5,"column":4},"end":{"line":5,"column":25}},{"start":{},"end":{}}],"line":5},"1":{"loc":{"start":{"line":6,"column":4},"end":{"line":13,"column":5}},"type":"if","locations":[{"start":{"line":6,"column":4},"end":{"line":13,"column":5}},{"start":{"line":10,"column":9},"end":{"line":13,"column":5}}],"line":6}},"s":{"0":7,"1":7,"2":2,"3":5,"4":3,"5":5,"6":3,"7":2,"8":4,"9":2,"10":1},"f":{"0":7},"b":{"0":[2,5],"1":[3,2]},"_coverageSchema":"1a1c01bbd47fc00a2c39e90264f33305004495a9","hash":"ce85fb74fcba5f9eae68a77d2721e1bf3e9a2aee"}
}
